<?xml version="1.0" encoding="UTF-8"?>
<robot generator="Robot 3.1.2 (Python 3.8.0 on win32)" generated="20191031 11:57:58.886" rpa="false">
<suite id="s1" name="Invalid" source="C:\Workarea\robot-framework\RobotTraining\WebDemo\login_tests\invalid.robot">
<kw name="Open browser to login page" library="resource" type="setup">
<kw name="Open Browser" library="SeleniumLibrary">
<doc>Opens a new browser instance to the optional ``url``.</doc>
<arguments>
<arg>${LOGIN URL}</arg>
<arg>${BROWSER}</arg>
</arguments>
<msg timestamp="20191031 11:57:59.049" level="INFO">Opening browser 'Chrome' to base url 'http://localhost:7272'.</msg>
<status status="PASS" starttime="20191031 11:57:59.049" endtime="20191031 11:58:01.493"></status>
</kw>
<kw name="Title Should Be" library="SeleniumLibrary">
<doc>Verifies that the current page title equals ``title``.</doc>
<arguments>
<arg>Login Page</arg>
</arguments>
<msg timestamp="20191031 11:58:01.497" level="INFO">Page title is 'Login Page'.</msg>
<status status="PASS" starttime="20191031 11:58:01.494" endtime="20191031 11:58:01.498"></status>
</kw>
<status status="PASS" starttime="20191031 11:57:59.049" endtime="20191031 11:58:01.498"></status>
</kw>
<test id="s1-t1" name="Invalid username">
<kw name="Go to login page" library="resource" type="setup">
<kw name="Go To" library="SeleniumLibrary">
<doc>Navigates the current browser window to the provided ``url``.</doc>
<arguments>
<arg>${LOGIN URL}</arg>
</arguments>
<msg timestamp="20191031 11:58:01.499" level="INFO">Opening url 'http://localhost:7272'</msg>
<status status="PASS" starttime="20191031 11:58:01.499" endtime="20191031 11:58:01.515"></status>
</kw>
<kw name="Title Should Be" library="SeleniumLibrary">
<doc>Verifies that the current page title equals ``title``.</doc>
<arguments>
<arg>Login Page</arg>
</arguments>
<msg timestamp="20191031 11:58:01.519" level="INFO">Page title is 'Login Page'.</msg>
<status status="PASS" starttime="20191031 11:58:01.516" endtime="20191031 11:58:01.519"></status>
</kw>
<status status="PASS" starttime="20191031 11:58:01.498" endtime="20191031 11:58:01.519"></status>
</kw>
<kw name="Login with invalid credentials should fail">
<arguments>
<arg>invalid</arg>
<arg>mode</arg>
</arguments>
<kw name="Type in username" library="resource">
<arguments>
<arg>${username}</arg>
</arguments>
<kw name="Input Text" library="SeleniumLibrary">
<doc>Types the given ``text`` into the text field identified by ``locator``.</doc>
<arguments>
<arg>username_field</arg>
<arg>${username}</arg>
</arguments>
<msg timestamp="20191031 11:58:01.520" level="INFO">Typing text 'invalid' into text field 'username_field'.</msg>
<status status="PASS" starttime="20191031 11:58:01.520" endtime="20191031 11:58:01.601"></status>
</kw>
<status status="PASS" starttime="20191031 11:58:01.520" endtime="20191031 11:58:01.601"></status>
</kw>
<kw name="Type in password" library="resource">
<arguments>
<arg>${password}</arg>
</arguments>
<kw name="Input Password" library="SeleniumLibrary">
<doc>Types the given password into the text field identified by ``locator``.</doc>
<arguments>
<arg>password_field</arg>
<arg>${password}</arg>
</arguments>
<msg timestamp="20191031 11:58:01.602" level="INFO">Typing password into text field 'password_field'.</msg>
<status status="PASS" starttime="20191031 11:58:01.602" endtime="20191031 11:58:01.661"></status>
</kw>
<status status="PASS" starttime="20191031 11:58:01.602" endtime="20191031 11:58:01.661"></status>
</kw>
<kw name="Submit credentials" library="resource">
<kw name="Click Button" library="SeleniumLibrary">
<doc>Clicks the button identified by ``locator``.</doc>
<arguments>
<arg>login_button</arg>
</arguments>
<msg timestamp="20191031 11:58:01.662" level="INFO">Clicking button 'login_button'.</msg>
<status status="PASS" starttime="20191031 11:58:01.661" endtime="20191031 11:58:01.820"></status>
</kw>
<status status="PASS" starttime="20191031 11:58:01.661" endtime="20191031 11:58:01.820"></status>
</kw>
<kw name="Error page should be open" library="resource">
<kw name="Title Should Be" library="SeleniumLibrary">
<doc>Verifies that the current page title equals ``title``.</doc>
<arguments>
<arg>Error Page</arg>
</arguments>
<msg timestamp="20191031 11:58:01.826" level="INFO">Page title is 'Error Page'.</msg>
<status status="PASS" starttime="20191031 11:58:01.821" endtime="20191031 11:58:01.826"></status>
</kw>
<status status="PASS" starttime="20191031 11:58:01.820" endtime="20191031 11:58:01.826"></status>
</kw>
<status status="PASS" starttime="20191031 11:58:01.519" endtime="20191031 11:58:01.826"></status>
</kw>
<status status="PASS" starttime="20191031 11:58:01.498" endtime="20191031 11:58:01.826" critical="yes"></status>
</test>
<test id="s1-t2" name="Invalid password">
<kw name="Go to login page" library="resource" type="setup">
<kw name="Go To" library="SeleniumLibrary">
<doc>Navigates the current browser window to the provided ``url``.</doc>
<arguments>
<arg>${LOGIN URL}</arg>
</arguments>
<msg timestamp="20191031 11:58:01.828" level="INFO">Opening url 'http://localhost:7272'</msg>
<status status="PASS" starttime="20191031 11:58:01.828" endtime="20191031 11:58:01.847"></status>
</kw>
<kw name="Title Should Be" library="SeleniumLibrary">
<doc>Verifies that the current page title equals ``title``.</doc>
<arguments>
<arg>Login Page</arg>
</arguments>
<msg timestamp="20191031 11:58:01.850" level="INFO">Page title is 'Login Page'.</msg>
<status status="PASS" starttime="20191031 11:58:01.847" endtime="20191031 11:58:01.850"></status>
</kw>
<status status="PASS" starttime="20191031 11:58:01.828" endtime="20191031 11:58:01.850"></status>
</kw>
<kw name="Login with invalid credentials should fail">
<arguments>
<arg>demo</arg>
<arg>invalid</arg>
</arguments>
<kw name="Type in username" library="resource">
<arguments>
<arg>${username}</arg>
</arguments>
<kw name="Input Text" library="SeleniumLibrary">
<doc>Types the given ``text`` into the text field identified by ``locator``.</doc>
<arguments>
<arg>username_field</arg>
<arg>${username}</arg>
</arguments>
<msg timestamp="20191031 11:58:01.851" level="INFO">Typing text 'demo' into text field 'username_field'.</msg>
<status status="PASS" starttime="20191031 11:58:01.851" endtime="20191031 11:58:01.908"></status>
</kw>
<status status="PASS" starttime="20191031 11:58:01.851" endtime="20191031 11:58:01.908"></status>
</kw>
<kw name="Type in password" library="resource">
<arguments>
<arg>${password}</arg>
</arguments>
<kw name="Input Password" library="SeleniumLibrary">
<doc>Types the given password into the text field identified by ``locator``.</doc>
<arguments>
<arg>password_field</arg>
<arg>${password}</arg>
</arguments>
<msg timestamp="20191031 11:58:01.909" level="INFO">Typing password into text field 'password_field'.</msg>
<status status="PASS" starttime="20191031 11:58:01.908" endtime="20191031 11:58:01.964"></status>
</kw>
<status status="PASS" starttime="20191031 11:58:01.908" endtime="20191031 11:58:01.964"></status>
</kw>
<kw name="Submit credentials" library="resource">
<kw name="Click Button" library="SeleniumLibrary">
<doc>Clicks the button identified by ``locator``.</doc>
<arguments>
<arg>login_button</arg>
</arguments>
<msg timestamp="20191031 11:58:01.964" level="INFO">Clicking button 'login_button'.</msg>
<status status="PASS" starttime="20191031 11:58:01.964" endtime="20191031 11:58:02.015"></status>
</kw>
<status status="PASS" starttime="20191031 11:58:01.964" endtime="20191031 11:58:02.015"></status>
</kw>
<kw name="Error page should be open" library="resource">
<kw name="Title Should Be" library="SeleniumLibrary">
<doc>Verifies that the current page title equals ``title``.</doc>
<arguments>
<arg>Error Page</arg>
</arguments>
<msg timestamp="20191031 11:58:02.018" level="INFO">Page title is 'Error Page'.</msg>
<status status="PASS" starttime="20191031 11:58:02.015" endtime="20191031 11:58:02.019"></status>
</kw>
<status status="PASS" starttime="20191031 11:58:02.015" endtime="20191031 11:58:02.019"></status>
</kw>
<status status="PASS" starttime="20191031 11:58:01.850" endtime="20191031 11:58:02.019"></status>
</kw>
<status status="PASS" starttime="20191031 11:58:01.827" endtime="20191031 11:58:02.019" critical="yes"></status>
</test>
<test id="s1-t3" name="Both invalid">
<kw name="Go to login page" library="resource" type="setup">
<kw name="Go To" library="SeleniumLibrary">
<doc>Navigates the current browser window to the provided ``url``.</doc>
<arguments>
<arg>${LOGIN URL}</arg>
</arguments>
<msg timestamp="20191031 11:58:02.021" level="INFO">Opening url 'http://localhost:7272'</msg>
<status status="PASS" starttime="20191031 11:58:02.021" endtime="20191031 11:58:02.037"></status>
</kw>
<kw name="Title Should Be" library="SeleniumLibrary">
<doc>Verifies that the current page title equals ``title``.</doc>
<arguments>
<arg>Login Page</arg>
</arguments>
<msg timestamp="20191031 11:58:02.042" level="INFO">Page title is 'Login Page'.</msg>
<status status="PASS" starttime="20191031 11:58:02.037" endtime="20191031 11:58:02.042"></status>
</kw>
<status status="PASS" starttime="20191031 11:58:02.020" endtime="20191031 11:58:02.042"></status>
</kw>
<kw name="Login with invalid credentials should fail">
<arguments>
<arg>invalid</arg>
<arg>invalid</arg>
</arguments>
<kw name="Type in username" library="resource">
<arguments>
<arg>${username}</arg>
</arguments>
<kw name="Input Text" library="SeleniumLibrary">
<doc>Types the given ``text`` into the text field identified by ``locator``.</doc>
<arguments>
<arg>username_field</arg>
<arg>${username}</arg>
</arguments>
<msg timestamp="20191031 11:58:02.043" level="INFO">Typing text 'invalid' into text field 'username_field'.</msg>
<status status="PASS" starttime="20191031 11:58:02.043" endtime="20191031 11:58:02.097"></status>
</kw>
<status status="PASS" starttime="20191031 11:58:02.042" endtime="20191031 11:58:02.097"></status>
</kw>
<kw name="Type in password" library="resource">
<arguments>
<arg>${password}</arg>
</arguments>
<kw name="Input Password" library="SeleniumLibrary">
<doc>Types the given password into the text field identified by ``locator``.</doc>
<arguments>
<arg>password_field</arg>
<arg>${password}</arg>
</arguments>
<msg timestamp="20191031 11:58:02.098" level="INFO">Typing password into text field 'password_field'.</msg>
<status status="PASS" starttime="20191031 11:58:02.098" endtime="20191031 11:58:02.153"></status>
</kw>
<status status="PASS" starttime="20191031 11:58:02.097" endtime="20191031 11:58:02.154"></status>
</kw>
<kw name="Submit credentials" library="resource">
<kw name="Click Button" library="SeleniumLibrary">
<doc>Clicks the button identified by ``locator``.</doc>
<arguments>
<arg>login_button</arg>
</arguments>
<msg timestamp="20191031 11:58:02.154" level="INFO">Clicking button 'login_button'.</msg>
<status status="PASS" starttime="20191031 11:58:02.154" endtime="20191031 11:58:02.203"></status>
</kw>
<status status="PASS" starttime="20191031 11:58:02.154" endtime="20191031 11:58:02.203"></status>
</kw>
<kw name="Error page should be open" library="resource">
<kw name="Title Should Be" library="SeleniumLibrary">
<doc>Verifies that the current page title equals ``title``.</doc>
<arguments>
<arg>Error Page</arg>
</arguments>
<msg timestamp="20191031 11:58:02.207" level="INFO">Page title is 'Error Page'.</msg>
<status status="PASS" starttime="20191031 11:58:02.203" endtime="20191031 11:58:02.207"></status>
</kw>
<status status="PASS" starttime="20191031 11:58:02.203" endtime="20191031 11:58:02.207"></status>
</kw>
<status status="PASS" starttime="20191031 11:58:02.042" endtime="20191031 11:58:02.207"></status>
</kw>
<status status="PASS" starttime="20191031 11:58:02.020" endtime="20191031 11:58:02.207" critical="yes"></status>
</test>
<test id="s1-t4" name="Empty username">
<kw name="Go to login page" library="resource" type="setup">
<kw name="Go To" library="SeleniumLibrary">
<doc>Navigates the current browser window to the provided ``url``.</doc>
<arguments>
<arg>${LOGIN URL}</arg>
</arguments>
<msg timestamp="20191031 11:58:02.209" level="INFO">Opening url 'http://localhost:7272'</msg>
<status status="PASS" starttime="20191031 11:58:02.209" endtime="20191031 11:58:02.224"></status>
</kw>
<kw name="Title Should Be" library="SeleniumLibrary">
<doc>Verifies that the current page title equals ``title``.</doc>
<arguments>
<arg>Login Page</arg>
</arguments>
<msg timestamp="20191031 11:58:02.228" level="INFO">Page title is 'Login Page'.</msg>
<status status="PASS" starttime="20191031 11:58:02.224" endtime="20191031 11:58:02.228"></status>
</kw>
<status status="PASS" starttime="20191031 11:58:02.208" endtime="20191031 11:58:02.228"></status>
</kw>
<kw name="Login with invalid credentials should fail">
<arguments>
<arg>${EMPTY}</arg>
<arg>mode</arg>
</arguments>
<kw name="Type in username" library="resource">
<arguments>
<arg>${username}</arg>
</arguments>
<kw name="Input Text" library="SeleniumLibrary">
<doc>Types the given ``text`` into the text field identified by ``locator``.</doc>
<arguments>
<arg>username_field</arg>
<arg>${username}</arg>
</arguments>
<msg timestamp="20191031 11:58:02.229" level="INFO">Typing text '' into text field 'username_field'.</msg>
<status status="PASS" starttime="20191031 11:58:02.229" endtime="20191031 11:58:02.277"></status>
</kw>
<status status="PASS" starttime="20191031 11:58:02.229" endtime="20191031 11:58:02.277"></status>
</kw>
<kw name="Type in password" library="resource">
<arguments>
<arg>${password}</arg>
</arguments>
<kw name="Input Password" library="SeleniumLibrary">
<doc>Types the given password into the text field identified by ``locator``.</doc>
<arguments>
<arg>password_field</arg>
<arg>${password}</arg>
</arguments>
<msg timestamp="20191031 11:58:02.278" level="INFO">Typing password into text field 'password_field'.</msg>
<status status="PASS" starttime="20191031 11:58:02.277" endtime="20191031 11:58:02.331"></status>
</kw>
<status status="PASS" starttime="20191031 11:58:02.277" endtime="20191031 11:58:02.331"></status>
</kw>
<kw name="Submit credentials" library="resource">
<kw name="Click Button" library="SeleniumLibrary">
<doc>Clicks the button identified by ``locator``.</doc>
<arguments>
<arg>login_button</arg>
</arguments>
<msg timestamp="20191031 11:58:02.332" level="INFO">Clicking button 'login_button'.</msg>
<status status="PASS" starttime="20191031 11:58:02.332" endtime="20191031 11:58:02.380"></status>
</kw>
<status status="PASS" starttime="20191031 11:58:02.332" endtime="20191031 11:58:02.380"></status>
</kw>
<kw name="Error page should be open" library="resource">
<kw name="Title Should Be" library="SeleniumLibrary">
<doc>Verifies that the current page title equals ``title``.</doc>
<arguments>
<arg>Error Page</arg>
</arguments>
<msg timestamp="20191031 11:58:02.383" level="INFO">Page title is 'Error Page'.</msg>
<status status="PASS" starttime="20191031 11:58:02.380" endtime="20191031 11:58:02.383"></status>
</kw>
<status status="PASS" starttime="20191031 11:58:02.380" endtime="20191031 11:58:02.383"></status>
</kw>
<status status="PASS" starttime="20191031 11:58:02.228" endtime="20191031 11:58:02.383"></status>
</kw>
<status status="PASS" starttime="20191031 11:58:02.208" endtime="20191031 11:58:02.384" critical="yes"></status>
</test>
<test id="s1-t5" name="Empty password">
<kw name="Go to login page" library="resource" type="setup">
<kw name="Go To" library="SeleniumLibrary">
<doc>Navigates the current browser window to the provided ``url``.</doc>
<arguments>
<arg>${LOGIN URL}</arg>
</arguments>
<msg timestamp="20191031 11:58:02.385" level="INFO">Opening url 'http://localhost:7272'</msg>
<status status="PASS" starttime="20191031 11:58:02.385" endtime="20191031 11:58:02.399"></status>
</kw>
<kw name="Title Should Be" library="SeleniumLibrary">
<doc>Verifies that the current page title equals ``title``.</doc>
<arguments>
<arg>Login Page</arg>
</arguments>
<msg timestamp="20191031 11:58:02.403" level="INFO">Page title is 'Login Page'.</msg>
<status status="PASS" starttime="20191031 11:58:02.399" endtime="20191031 11:58:02.404"></status>
</kw>
<status status="PASS" starttime="20191031 11:58:02.385" endtime="20191031 11:58:02.404"></status>
</kw>
<kw name="Login with invalid credentials should fail">
<arguments>
<arg>demo</arg>
<arg>${EMPTY}</arg>
</arguments>
<kw name="Type in username" library="resource">
<arguments>
<arg>${username}</arg>
</arguments>
<kw name="Input Text" library="SeleniumLibrary">
<doc>Types the given ``text`` into the text field identified by ``locator``.</doc>
<arguments>
<arg>username_field</arg>
<arg>${username}</arg>
</arguments>
<msg timestamp="20191031 11:58:02.405" level="INFO">Typing text 'demo' into text field 'username_field'.</msg>
<status status="PASS" starttime="20191031 11:58:02.405" endtime="20191031 11:58:02.460"></status>
</kw>
<status status="PASS" starttime="20191031 11:58:02.404" endtime="20191031 11:58:02.460"></status>
</kw>
<kw name="Type in password" library="resource">
<arguments>
<arg>${password}</arg>
</arguments>
<kw name="Input Password" library="SeleniumLibrary">
<doc>Types the given password into the text field identified by ``locator``.</doc>
<arguments>
<arg>password_field</arg>
<arg>${password}</arg>
</arguments>
<msg timestamp="20191031 11:58:02.460" level="INFO">Typing password into text field 'password_field'.</msg>
<status status="PASS" starttime="20191031 11:58:02.460" endtime="20191031 11:58:02.505"></status>
</kw>
<status status="PASS" starttime="20191031 11:58:02.460" endtime="20191031 11:58:02.505"></status>
</kw>
<kw name="Submit credentials" library="resource">
<kw name="Click Button" library="SeleniumLibrary">
<doc>Clicks the button identified by ``locator``.</doc>
<arguments>
<arg>login_button</arg>
</arguments>
<msg timestamp="20191031 11:58:02.506" level="INFO">Clicking button 'login_button'.</msg>
<status status="PASS" starttime="20191031 11:58:02.506" endtime="20191031 11:58:02.552"></status>
</kw>
<status status="PASS" starttime="20191031 11:58:02.505" endtime="20191031 11:58:02.552"></status>
</kw>
<kw name="Error page should be open" library="resource">
<kw name="Title Should Be" library="SeleniumLibrary">
<doc>Verifies that the current page title equals ``title``.</doc>
<arguments>
<arg>Error Page</arg>
</arguments>
<msg timestamp="20191031 11:58:02.556" level="INFO">Page title is 'Error Page'.</msg>
<status status="PASS" starttime="20191031 11:58:02.553" endtime="20191031 11:58:02.556"></status>
</kw>
<status status="PASS" starttime="20191031 11:58:02.552" endtime="20191031 11:58:02.556"></status>
</kw>
<status status="PASS" starttime="20191031 11:58:02.404" endtime="20191031 11:58:02.556"></status>
</kw>
<status status="PASS" starttime="20191031 11:58:02.384" endtime="20191031 11:58:02.556" critical="yes"></status>
</test>
<test id="s1-t6" name="Both empty">
<kw name="Go to login page" library="resource" type="setup">
<kw name="Go To" library="SeleniumLibrary">
<doc>Navigates the current browser window to the provided ``url``.</doc>
<arguments>
<arg>${LOGIN URL}</arg>
</arguments>
<msg timestamp="20191031 11:58:02.558" level="INFO">Opening url 'http://localhost:7272'</msg>
<status status="PASS" starttime="20191031 11:58:02.558" endtime="20191031 11:58:02.573"></status>
</kw>
<kw name="Title Should Be" library="SeleniumLibrary">
<doc>Verifies that the current page title equals ``title``.</doc>
<arguments>
<arg>Login Page</arg>
</arguments>
<msg timestamp="20191031 11:58:02.576" level="INFO">Page title is 'Login Page'.</msg>
<status status="PASS" starttime="20191031 11:58:02.573" endtime="20191031 11:58:02.576"></status>
</kw>
<status status="PASS" starttime="20191031 11:58:02.558" endtime="20191031 11:58:02.576"></status>
</kw>
<kw name="Login with invalid credentials should fail">
<arguments>
<arg>${EMPTY}</arg>
<arg>${EMPTY}</arg>
</arguments>
<kw name="Type in username" library="resource">
<arguments>
<arg>${username}</arg>
</arguments>
<kw name="Input Text" library="SeleniumLibrary">
<doc>Types the given ``text`` into the text field identified by ``locator``.</doc>
<arguments>
<arg>username_field</arg>
<arg>${username}</arg>
</arguments>
<msg timestamp="20191031 11:58:02.577" level="INFO">Typing text '' into text field 'username_field'.</msg>
<status status="PASS" starttime="20191031 11:58:02.577" endtime="20191031 11:58:02.624"></status>
</kw>
<status status="PASS" starttime="20191031 11:58:02.577" endtime="20191031 11:58:02.624"></status>
</kw>
<kw name="Type in password" library="resource">
<arguments>
<arg>${password}</arg>
</arguments>
<kw name="Input Password" library="SeleniumLibrary">
<doc>Types the given password into the text field identified by ``locator``.</doc>
<arguments>
<arg>password_field</arg>
<arg>${password}</arg>
</arguments>
<msg timestamp="20191031 11:58:02.625" level="INFO">Typing password into text field 'password_field'.</msg>
<status status="PASS" starttime="20191031 11:58:02.625" endtime="20191031 11:58:02.672"></status>
</kw>
<status status="PASS" starttime="20191031 11:58:02.624" endtime="20191031 11:58:02.672"></status>
</kw>
<kw name="Submit credentials" library="resource">
<kw name="Click Button" library="SeleniumLibrary">
<doc>Clicks the button identified by ``locator``.</doc>
<arguments>
<arg>login_button</arg>
</arguments>
<msg timestamp="20191031 11:58:02.673" level="INFO">Clicking button 'login_button'.</msg>
<status status="PASS" starttime="20191031 11:58:02.673" endtime="20191031 11:58:02.736"></status>
</kw>
<status status="PASS" starttime="20191031 11:58:02.672" endtime="20191031 11:58:02.736"></status>
</kw>
<kw name="Error page should be open" library="resource">
<kw name="Title Should Be" library="SeleniumLibrary">
<doc>Verifies that the current page title equals ``title``.</doc>
<arguments>
<arg>Error Page</arg>
</arguments>
<msg timestamp="20191031 11:58:02.739" level="INFO">Page title is 'Error Page'.</msg>
<status status="PASS" starttime="20191031 11:58:02.736" endtime="20191031 11:58:02.740"></status>
</kw>
<status status="PASS" starttime="20191031 11:58:02.736" endtime="20191031 11:58:02.740"></status>
</kw>
<status status="PASS" starttime="20191031 11:58:02.577" endtime="20191031 11:58:02.740"></status>
</kw>
<status status="PASS" starttime="20191031 11:58:02.557" endtime="20191031 11:58:02.740" critical="yes"></status>
</test>
<kw name="Close Browser" library="SeleniumLibrary" type="teardown">
<doc>Closes the current browser.</doc>
<status status="PASS" starttime="20191031 11:58:02.741" endtime="20191031 11:58:04.799"></status>
</kw>
<status status="PASS" starttime="20191031 11:57:58.889" endtime="20191031 11:58:04.799"></status>
</suite>
<statistics>
<total>
<stat pass="6" fail="0">Critical Tests</stat>
<stat pass="6" fail="0">All Tests</stat>
</total>
<tag>
</tag>
<suite>
<stat pass="6" fail="0" id="s1" name="Invalid">Invalid</stat>
</suite>
</statistics>
<errors>
</errors>
</robot>
