<?xml version="1.0" encoding="UTF-8"?>
<robot generator="Robot 3.1.2 (Python 3.8.0 on win32)" generated="20191031 11:33:15.805" rpa="false">
<suite id="s1" name="Invalid" source="C:\Workarea\robot-framework\RobotTraining\WebDemo\login_tests\invalid.robot">
<test id="s1-t1" name="Invalid username">
<kw name="Open browser to login page" library="resource" type="setup">
<kw name="Open Browser" library="SeleniumLibrary">
<doc>Opens a new browser instance to the optional ``url``.</doc>
<arguments>
<arg>${LOGIN URL}</arg>
<arg>${BROWSER}</arg>
</arguments>
<msg timestamp="20191031 11:33:15.959" level="INFO">Opening browser 'Chrome' to base url 'http://localhost:7272'.</msg>
<status status="PASS" starttime="20191031 11:33:15.958" endtime="20191031 11:33:18.408"></status>
</kw>
<kw name="Title Should Be" library="SeleniumLibrary">
<doc>Verifies that the current page title equals ``title``.</doc>
<arguments>
<arg>Login Page</arg>
</arguments>
<msg timestamp="20191031 11:33:18.414" level="INFO">Page title is 'Login Page'.</msg>
<status status="PASS" starttime="20191031 11:33:18.408" endtime="20191031 11:33:18.414"></status>
</kw>
<status status="PASS" starttime="20191031 11:33:15.958" endtime="20191031 11:33:18.414"></status>
</kw>
<kw name="Login with invalid credentials should fail">
<arguments>
<arg>invalid</arg>
<arg>mode</arg>
</arguments>
<kw name="Type in username" library="resource">
<arguments>
<arg>${username}</arg>
</arguments>
<kw name="Input Text" library="SeleniumLibrary">
<doc>Types the given ``text`` into the text field identified by ``locator``.</doc>
<arguments>
<arg>username_field</arg>
<arg>${username}</arg>
</arguments>
<msg timestamp="20191031 11:33:18.416" level="INFO">Typing text 'invalid' into text field 'username_field'.</msg>
<status status="PASS" starttime="20191031 11:33:18.415" endtime="20191031 11:33:18.489"></status>
</kw>
<status status="PASS" starttime="20191031 11:33:18.415" endtime="20191031 11:33:18.489"></status>
</kw>
<kw name="Type in password" library="resource">
<arguments>
<arg>${password}</arg>
</arguments>
<kw name="Input Password" library="SeleniumLibrary">
<doc>Types the given password into the text field identified by ``locator``.</doc>
<arguments>
<arg>password_field</arg>
<arg>${password}</arg>
</arguments>
<msg timestamp="20191031 11:33:18.490" level="INFO">Typing password into text field 'password_field'.</msg>
<status status="PASS" starttime="20191031 11:33:18.490" endtime="20191031 11:33:18.548"></status>
</kw>
<status status="PASS" starttime="20191031 11:33:18.489" endtime="20191031 11:33:18.548"></status>
</kw>
<kw name="Submit credentials" library="resource">
<kw name="Click Button" library="SeleniumLibrary">
<doc>Clicks the button identified by ``locator``.</doc>
<arguments>
<arg>login_button</arg>
</arguments>
<msg timestamp="20191031 11:33:18.549" level="INFO">Clicking button 'login_button'.</msg>
<status status="PASS" starttime="20191031 11:33:18.549" endtime="20191031 11:33:18.619"></status>
</kw>
<status status="PASS" starttime="20191031 11:33:18.548" endtime="20191031 11:33:18.619"></status>
</kw>
<kw name="Error page should be open" library="resource">
<kw name="Title Should Be" library="SeleniumLibrary">
<doc>Verifies that the current page title equals ``title``.</doc>
<arguments>
<arg>Error Page</arg>
</arguments>
<msg timestamp="20191031 11:33:18.623" level="INFO">Page title is 'Error Page'.</msg>
<status status="PASS" starttime="20191031 11:33:18.620" endtime="20191031 11:33:18.623"></status>
</kw>
<status status="PASS" starttime="20191031 11:33:18.619" endtime="20191031 11:33:18.623"></status>
</kw>
<status status="PASS" starttime="20191031 11:33:18.415" endtime="20191031 11:33:18.623"></status>
</kw>
<kw name="Close Browser" library="SeleniumLibrary" type="teardown">
<doc>Closes the current browser.</doc>
<status status="PASS" starttime="20191031 11:33:18.623" endtime="20191031 11:33:20.693"></status>
</kw>
<status status="PASS" starttime="20191031 11:33:15.958" endtime="20191031 11:33:20.693" critical="yes"></status>
</test>
<test id="s1-t2" name="Invalid password">
<kw name="Open browser to login page" library="resource" type="setup">
<kw name="Open Browser" library="SeleniumLibrary">
<doc>Opens a new browser instance to the optional ``url``.</doc>
<arguments>
<arg>${LOGIN URL}</arg>
<arg>${BROWSER}</arg>
</arguments>
<msg timestamp="20191031 11:33:20.696" level="INFO">Opening browser 'Chrome' to base url 'http://localhost:7272'.</msg>
<status status="PASS" starttime="20191031 11:33:20.696" endtime="20191031 11:33:23.130"></status>
</kw>
<kw name="Title Should Be" library="SeleniumLibrary">
<doc>Verifies that the current page title equals ``title``.</doc>
<arguments>
<arg>Login Page</arg>
</arguments>
<msg timestamp="20191031 11:33:23.134" level="INFO">Page title is 'Login Page'.</msg>
<status status="PASS" starttime="20191031 11:33:23.130" endtime="20191031 11:33:23.134"></status>
</kw>
<status status="PASS" starttime="20191031 11:33:20.696" endtime="20191031 11:33:23.134"></status>
</kw>
<kw name="Login with invalid credentials should fail">
<arguments>
<arg>demo</arg>
<arg>invalid</arg>
</arguments>
<kw name="Type in username" library="resource">
<arguments>
<arg>${username}</arg>
</arguments>
<kw name="Input Text" library="SeleniumLibrary">
<doc>Types the given ``text`` into the text field identified by ``locator``.</doc>
<arguments>
<arg>username_field</arg>
<arg>${username}</arg>
</arguments>
<msg timestamp="20191031 11:33:23.136" level="INFO">Typing text 'demo' into text field 'username_field'.</msg>
<status status="PASS" starttime="20191031 11:33:23.136" endtime="20191031 11:33:23.201"></status>
</kw>
<status status="PASS" starttime="20191031 11:33:23.135" endtime="20191031 11:33:23.201"></status>
</kw>
<kw name="Type in password" library="resource">
<arguments>
<arg>${password}</arg>
</arguments>
<kw name="Input Password" library="SeleniumLibrary">
<doc>Types the given password into the text field identified by ``locator``.</doc>
<arguments>
<arg>password_field</arg>
<arg>${password}</arg>
</arguments>
<msg timestamp="20191031 11:33:23.201" level="INFO">Typing password into text field 'password_field'.</msg>
<status status="PASS" starttime="20191031 11:33:23.201" endtime="20191031 11:33:23.267"></status>
</kw>
<status status="PASS" starttime="20191031 11:33:23.201" endtime="20191031 11:33:23.267"></status>
</kw>
<kw name="Submit credentials" library="resource">
<kw name="Click Button" library="SeleniumLibrary">
<doc>Clicks the button identified by ``locator``.</doc>
<arguments>
<arg>login_button</arg>
</arguments>
<msg timestamp="20191031 11:33:23.267" level="INFO">Clicking button 'login_button'.</msg>
<status status="PASS" starttime="20191031 11:33:23.267" endtime="20191031 11:33:23.338"></status>
</kw>
<status status="PASS" starttime="20191031 11:33:23.267" endtime="20191031 11:33:23.338"></status>
</kw>
<kw name="Error page should be open" library="resource">
<kw name="Title Should Be" library="SeleniumLibrary">
<doc>Verifies that the current page title equals ``title``.</doc>
<arguments>
<arg>Error Page</arg>
</arguments>
<msg timestamp="20191031 11:33:23.343" level="INFO">Page title is 'Error Page'.</msg>
<status status="PASS" starttime="20191031 11:33:23.338" endtime="20191031 11:33:23.343"></status>
</kw>
<status status="PASS" starttime="20191031 11:33:23.338" endtime="20191031 11:33:23.343"></status>
</kw>
<status status="PASS" starttime="20191031 11:33:23.135" endtime="20191031 11:33:23.344"></status>
</kw>
<kw name="Close Browser" library="SeleniumLibrary" type="teardown">
<doc>Closes the current browser.</doc>
<status status="PASS" starttime="20191031 11:33:23.344" endtime="20191031 11:33:25.404"></status>
</kw>
<status status="PASS" starttime="20191031 11:33:20.695" endtime="20191031 11:33:25.404" critical="yes"></status>
</test>
<test id="s1-t3" name="Both invalid">
<kw name="Open browser to login page" library="resource" type="setup">
<kw name="Open Browser" library="SeleniumLibrary">
<doc>Opens a new browser instance to the optional ``url``.</doc>
<arguments>
<arg>${LOGIN URL}</arg>
<arg>${BROWSER}</arg>
</arguments>
<msg timestamp="20191031 11:33:25.407" level="INFO">Opening browser 'Chrome' to base url 'http://localhost:7272'.</msg>
<status status="PASS" starttime="20191031 11:33:25.406" endtime="20191031 11:33:27.842"></status>
</kw>
<kw name="Title Should Be" library="SeleniumLibrary">
<doc>Verifies that the current page title equals ``title``.</doc>
<arguments>
<arg>Login Page</arg>
</arguments>
<msg timestamp="20191031 11:33:27.846" level="INFO">Page title is 'Login Page'.</msg>
<status status="PASS" starttime="20191031 11:33:27.842" endtime="20191031 11:33:27.847"></status>
</kw>
<status status="PASS" starttime="20191031 11:33:25.406" endtime="20191031 11:33:27.847"></status>
</kw>
<kw name="Login with invalid credentials should fail">
<arguments>
<arg>invalid</arg>
<arg>invalid</arg>
</arguments>
<kw name="Type in username" library="resource">
<arguments>
<arg>${username}</arg>
</arguments>
<kw name="Input Text" library="SeleniumLibrary">
<doc>Types the given ``text`` into the text field identified by ``locator``.</doc>
<arguments>
<arg>username_field</arg>
<arg>${username}</arg>
</arguments>
<msg timestamp="20191031 11:33:27.848" level="INFO">Typing text 'invalid' into text field 'username_field'.</msg>
<status status="PASS" starttime="20191031 11:33:27.847" endtime="20191031 11:33:27.917"></status>
</kw>
<status status="PASS" starttime="20191031 11:33:27.847" endtime="20191031 11:33:27.917"></status>
</kw>
<kw name="Type in password" library="resource">
<arguments>
<arg>${password}</arg>
</arguments>
<kw name="Input Password" library="SeleniumLibrary">
<doc>Types the given password into the text field identified by ``locator``.</doc>
<arguments>
<arg>password_field</arg>
<arg>${password}</arg>
</arguments>
<msg timestamp="20191031 11:33:27.917" level="INFO">Typing password into text field 'password_field'.</msg>
<status status="PASS" starttime="20191031 11:33:27.917" endtime="20191031 11:33:27.978"></status>
</kw>
<status status="PASS" starttime="20191031 11:33:27.917" endtime="20191031 11:33:27.978"></status>
</kw>
<kw name="Submit credentials" library="resource">
<kw name="Click Button" library="SeleniumLibrary">
<doc>Clicks the button identified by ``locator``.</doc>
<arguments>
<arg>login_button</arg>
</arguments>
<msg timestamp="20191031 11:33:27.979" level="INFO">Clicking button 'login_button'.</msg>
<status status="PASS" starttime="20191031 11:33:27.978" endtime="20191031 11:33:28.059"></status>
</kw>
<status status="PASS" starttime="20191031 11:33:27.978" endtime="20191031 11:33:28.059"></status>
</kw>
<kw name="Error page should be open" library="resource">
<kw name="Title Should Be" library="SeleniumLibrary">
<doc>Verifies that the current page title equals ``title``.</doc>
<arguments>
<arg>Error Page</arg>
</arguments>
<msg timestamp="20191031 11:33:28.063" level="INFO">Page title is 'Error Page'.</msg>
<status status="PASS" starttime="20191031 11:33:28.059" endtime="20191031 11:33:28.063"></status>
</kw>
<status status="PASS" starttime="20191031 11:33:28.059" endtime="20191031 11:33:28.063"></status>
</kw>
<status status="PASS" starttime="20191031 11:33:27.847" endtime="20191031 11:33:28.063"></status>
</kw>
<kw name="Close Browser" library="SeleniumLibrary" type="teardown">
<doc>Closes the current browser.</doc>
<status status="PASS" starttime="20191031 11:33:28.063" endtime="20191031 11:33:30.126"></status>
</kw>
<status status="PASS" starttime="20191031 11:33:25.406" endtime="20191031 11:33:30.126" critical="yes"></status>
</test>
<test id="s1-t4" name="Empty username">
<kw name="Open browser to login page" library="resource" type="setup">
<kw name="Open Browser" library="SeleniumLibrary">
<doc>Opens a new browser instance to the optional ``url``.</doc>
<arguments>
<arg>${LOGIN URL}</arg>
<arg>${BROWSER}</arg>
</arguments>
<msg timestamp="20191031 11:33:30.128" level="INFO">Opening browser 'Chrome' to base url 'http://localhost:7272'.</msg>
<status status="PASS" starttime="20191031 11:33:30.128" endtime="20191031 11:33:32.550"></status>
</kw>
<kw name="Title Should Be" library="SeleniumLibrary">
<doc>Verifies that the current page title equals ``title``.</doc>
<arguments>
<arg>Login Page</arg>
</arguments>
<msg timestamp="20191031 11:33:32.556" level="INFO">Page title is 'Login Page'.</msg>
<status status="PASS" starttime="20191031 11:33:32.550" endtime="20191031 11:33:32.556"></status>
</kw>
<status status="PASS" starttime="20191031 11:33:30.127" endtime="20191031 11:33:32.556"></status>
</kw>
<kw name="Login with invalid credentials should fail">
<arguments>
<arg>${EMPTY}</arg>
<arg>mode</arg>
</arguments>
<kw name="Type in username" library="resource">
<arguments>
<arg>${username}</arg>
</arguments>
<kw name="Input Text" library="SeleniumLibrary">
<doc>Types the given ``text`` into the text field identified by ``locator``.</doc>
<arguments>
<arg>username_field</arg>
<arg>${username}</arg>
</arguments>
<msg timestamp="20191031 11:33:32.557" level="INFO">Typing text '' into text field 'username_field'.</msg>
<status status="PASS" starttime="20191031 11:33:32.557" endtime="20191031 11:33:32.612"></status>
</kw>
<status status="PASS" starttime="20191031 11:33:32.556" endtime="20191031 11:33:32.612"></status>
</kw>
<kw name="Type in password" library="resource">
<arguments>
<arg>${password}</arg>
</arguments>
<kw name="Input Password" library="SeleniumLibrary">
<doc>Types the given password into the text field identified by ``locator``.</doc>
<arguments>
<arg>password_field</arg>
<arg>${password}</arg>
</arguments>
<msg timestamp="20191031 11:33:32.612" level="INFO">Typing password into text field 'password_field'.</msg>
<status status="PASS" starttime="20191031 11:33:32.612" endtime="20191031 11:33:32.675"></status>
</kw>
<status status="PASS" starttime="20191031 11:33:32.612" endtime="20191031 11:33:32.675"></status>
</kw>
<kw name="Submit credentials" library="resource">
<kw name="Click Button" library="SeleniumLibrary">
<doc>Clicks the button identified by ``locator``.</doc>
<arguments>
<arg>login_button</arg>
</arguments>
<msg timestamp="20191031 11:33:32.676" level="INFO">Clicking button 'login_button'.</msg>
<status status="PASS" starttime="20191031 11:33:32.676" endtime="20191031 11:33:32.765"></status>
</kw>
<status status="PASS" starttime="20191031 11:33:32.675" endtime="20191031 11:33:32.765"></status>
</kw>
<kw name="Error page should be open" library="resource">
<kw name="Title Should Be" library="SeleniumLibrary">
<doc>Verifies that the current page title equals ``title``.</doc>
<arguments>
<arg>Error Page</arg>
</arguments>
<msg timestamp="20191031 11:33:32.769" level="INFO">Page title is 'Error Page'.</msg>
<status status="PASS" starttime="20191031 11:33:32.766" endtime="20191031 11:33:32.769"></status>
</kw>
<status status="PASS" starttime="20191031 11:33:32.765" endtime="20191031 11:33:32.769"></status>
</kw>
<status status="PASS" starttime="20191031 11:33:32.556" endtime="20191031 11:33:32.769"></status>
</kw>
<kw name="Close Browser" library="SeleniumLibrary" type="teardown">
<doc>Closes the current browser.</doc>
<status status="PASS" starttime="20191031 11:33:32.769" endtime="20191031 11:33:34.838"></status>
</kw>
<status status="PASS" starttime="20191031 11:33:30.127" endtime="20191031 11:33:34.838" critical="yes"></status>
</test>
<test id="s1-t5" name="Empty password">
<kw name="Open browser to login page" library="resource" type="setup">
<kw name="Open Browser" library="SeleniumLibrary">
<doc>Opens a new browser instance to the optional ``url``.</doc>
<arguments>
<arg>${LOGIN URL}</arg>
<arg>${BROWSER}</arg>
</arguments>
<msg timestamp="20191031 11:33:34.840" level="INFO">Opening browser 'Chrome' to base url 'http://localhost:7272'.</msg>
<status status="PASS" starttime="20191031 11:33:34.840" endtime="20191031 11:33:37.291"></status>
</kw>
<kw name="Title Should Be" library="SeleniumLibrary">
<doc>Verifies that the current page title equals ``title``.</doc>
<arguments>
<arg>Login Page</arg>
</arguments>
<msg timestamp="20191031 11:33:37.298" level="INFO">Page title is 'Login Page'.</msg>
<status status="PASS" starttime="20191031 11:33:37.291" endtime="20191031 11:33:37.298"></status>
</kw>
<status status="PASS" starttime="20191031 11:33:34.840" endtime="20191031 11:33:37.298"></status>
</kw>
<kw name="Login with invalid credentials should fail">
<arguments>
<arg>demo</arg>
<arg>${EMPTY}</arg>
</arguments>
<kw name="Type in username" library="resource">
<arguments>
<arg>${username}</arg>
</arguments>
<kw name="Input Text" library="SeleniumLibrary">
<doc>Types the given ``text`` into the text field identified by ``locator``.</doc>
<arguments>
<arg>username_field</arg>
<arg>${username}</arg>
</arguments>
<msg timestamp="20191031 11:33:37.299" level="INFO">Typing text 'demo' into text field 'username_field'.</msg>
<status status="PASS" starttime="20191031 11:33:37.299" endtime="20191031 11:33:37.370"></status>
</kw>
<status status="PASS" starttime="20191031 11:33:37.298" endtime="20191031 11:33:37.370"></status>
</kw>
<kw name="Type in password" library="resource">
<arguments>
<arg>${password}</arg>
</arguments>
<kw name="Input Password" library="SeleniumLibrary">
<doc>Types the given password into the text field identified by ``locator``.</doc>
<arguments>
<arg>password_field</arg>
<arg>${password}</arg>
</arguments>
<msg timestamp="20191031 11:33:37.370" level="INFO">Typing password into text field 'password_field'.</msg>
<status status="PASS" starttime="20191031 11:33:37.370" endtime="20191031 11:33:37.423"></status>
</kw>
<status status="PASS" starttime="20191031 11:33:37.370" endtime="20191031 11:33:37.423"></status>
</kw>
<kw name="Submit credentials" library="resource">
<kw name="Click Button" library="SeleniumLibrary">
<doc>Clicks the button identified by ``locator``.</doc>
<arguments>
<arg>login_button</arg>
</arguments>
<msg timestamp="20191031 11:33:37.424" level="INFO">Clicking button 'login_button'.</msg>
<status status="PASS" starttime="20191031 11:33:37.424" endtime="20191031 11:33:37.505"></status>
</kw>
<status status="PASS" starttime="20191031 11:33:37.423" endtime="20191031 11:33:37.505"></status>
</kw>
<kw name="Error page should be open" library="resource">
<kw name="Title Should Be" library="SeleniumLibrary">
<doc>Verifies that the current page title equals ``title``.</doc>
<arguments>
<arg>Error Page</arg>
</arguments>
<msg timestamp="20191031 11:33:37.509" level="INFO">Page title is 'Error Page'.</msg>
<status status="PASS" starttime="20191031 11:33:37.505" endtime="20191031 11:33:37.509"></status>
</kw>
<status status="PASS" starttime="20191031 11:33:37.505" endtime="20191031 11:33:37.509"></status>
</kw>
<status status="PASS" starttime="20191031 11:33:37.298" endtime="20191031 11:33:37.509"></status>
</kw>
<kw name="Close Browser" library="SeleniumLibrary" type="teardown">
<doc>Closes the current browser.</doc>
<status status="PASS" starttime="20191031 11:33:37.509" endtime="20191031 11:33:39.574"></status>
</kw>
<status status="PASS" starttime="20191031 11:33:34.839" endtime="20191031 11:33:39.574" critical="yes"></status>
</test>
<test id="s1-t6" name="Both empty">
<kw name="Open browser to login page" library="resource" type="setup">
<kw name="Open Browser" library="SeleniumLibrary">
<doc>Opens a new browser instance to the optional ``url``.</doc>
<arguments>
<arg>${LOGIN URL}</arg>
<arg>${BROWSER}</arg>
</arguments>
<msg timestamp="20191031 11:33:39.577" level="INFO">Opening browser 'Chrome' to base url 'http://localhost:7272'.</msg>
<status status="PASS" starttime="20191031 11:33:39.576" endtime="20191031 11:33:42.060"></status>
</kw>
<kw name="Title Should Be" library="SeleniumLibrary">
<doc>Verifies that the current page title equals ``title``.</doc>
<arguments>
<arg>Login Page</arg>
</arguments>
<msg timestamp="20191031 11:33:42.064" level="INFO">Page title is 'Login Page'.</msg>
<status status="PASS" starttime="20191031 11:33:42.060" endtime="20191031 11:33:42.064"></status>
</kw>
<status status="PASS" starttime="20191031 11:33:39.576" endtime="20191031 11:33:42.064"></status>
</kw>
<kw name="Login with invalid credentials should fail">
<arguments>
<arg>${EMPTY}</arg>
<arg>${EMPTY}</arg>
</arguments>
<kw name="Type in username" library="resource">
<arguments>
<arg>${username}</arg>
</arguments>
<kw name="Input Text" library="SeleniumLibrary">
<doc>Types the given ``text`` into the text field identified by ``locator``.</doc>
<arguments>
<arg>username_field</arg>
<arg>${username}</arg>
</arguments>
<msg timestamp="20191031 11:33:42.066" level="INFO">Typing text '' into text field 'username_field'.</msg>
<status status="PASS" starttime="20191031 11:33:42.066" endtime="20191031 11:33:42.121"></status>
</kw>
<status status="PASS" starttime="20191031 11:33:42.065" endtime="20191031 11:33:42.121"></status>
</kw>
<kw name="Type in password" library="resource">
<arguments>
<arg>${password}</arg>
</arguments>
<kw name="Input Password" library="SeleniumLibrary">
<doc>Types the given password into the text field identified by ``locator``.</doc>
<arguments>
<arg>password_field</arg>
<arg>${password}</arg>
</arguments>
<msg timestamp="20191031 11:33:42.121" level="INFO">Typing password into text field 'password_field'.</msg>
<status status="PASS" starttime="20191031 11:33:42.121" endtime="20191031 11:33:42.176"></status>
</kw>
<status status="PASS" starttime="20191031 11:33:42.121" endtime="20191031 11:33:42.176"></status>
</kw>
<kw name="Submit credentials" library="resource">
<kw name="Click Button" library="SeleniumLibrary">
<doc>Clicks the button identified by ``locator``.</doc>
<arguments>
<arg>login_button</arg>
</arguments>
<msg timestamp="20191031 11:33:42.176" level="INFO">Clicking button 'login_button'.</msg>
<status status="PASS" starttime="20191031 11:33:42.176" endtime="20191031 11:33:42.275"></status>
</kw>
<status status="PASS" starttime="20191031 11:33:42.176" endtime="20191031 11:33:42.275"></status>
</kw>
<kw name="Error page should be open" library="resource">
<kw name="Title Should Be" library="SeleniumLibrary">
<doc>Verifies that the current page title equals ``title``.</doc>
<arguments>
<arg>Error Page</arg>
</arguments>
<msg timestamp="20191031 11:33:42.278" level="INFO">Page title is 'Error Page'.</msg>
<status status="PASS" starttime="20191031 11:33:42.276" endtime="20191031 11:33:42.279"></status>
</kw>
<status status="PASS" starttime="20191031 11:33:42.275" endtime="20191031 11:33:42.279"></status>
</kw>
<status status="PASS" starttime="20191031 11:33:42.064" endtime="20191031 11:33:42.279"></status>
</kw>
<kw name="Close Browser" library="SeleniumLibrary" type="teardown">
<doc>Closes the current browser.</doc>
<status status="PASS" starttime="20191031 11:33:42.279" endtime="20191031 11:33:44.340"></status>
</kw>
<status status="PASS" starttime="20191031 11:33:39.576" endtime="20191031 11:33:44.340" critical="yes"></status>
</test>
<status status="PASS" starttime="20191031 11:33:15.807" endtime="20191031 11:33:44.342"></status>
</suite>
<statistics>
<total>
<stat pass="6" fail="0">Critical Tests</stat>
<stat pass="6" fail="0">All Tests</stat>
</total>
<tag>
</tag>
<suite>
<stat pass="6" fail="0" id="s1" name="Invalid">Invalid</stat>
</suite>
</statistics>
<errors>
</errors>
</robot>
